Error: That port is already in use.
[29/Jul/2015 10:51:17]"GET / HTTP/1.1" 404 2386
[29/Jul/2015 10:51:18]"GET / HTTP/1.1" 404 2386
[29/Jul/2015 10:51:19]"GET / HTTP/1.1" 404 2386
[29/Jul/2015 10:51:20]"GET /fumeng/news/fumengxinwen/ HTTP/1.1" 200 11555
[29/Jul/2015 10:51:20]"GET /static/css/style.css HTTP/1.1" 200 33024
[29/Jul/2015 10:51:20]"GET /static/js/Drop_down.js HTTP/1.1" 200 374
[29/Jul/2015 10:51:20]"GET /static/js/jquery-1.7.2.min.js HTTP/1.1" 200 94879
[29/Jul/2015 10:51:21]"GET /fumeng/ HTTP/1.1" 200 35152
[29/Jul/2015 10:51:21]"GET /static/css/style.css HTTP/1.1" 200 33024
[29/Jul/2015 10:51:21]"GET /static/css/sorcl.css HTTP/1.1" 304 0
[29/Jul/2015 10:51:21]"GET /static/js/owl.carousel.min.js HTTP/1.1" 304 0
[29/Jul/2015 10:51:21]"GET /static/js/script_side.js HTTP/1.1" 304 0
[29/Jul/2015 10:51:21]"GET /static/js/jPages.js HTTP/1.1" 304 0
[29/Jul/2015 10:51:21]"GET /static/js/jquery.flexslider-min.js HTTP/1.1" 304 0
[29/Jul/2015 10:51:22]"GET /static/js/jquery-1.7.2.min.js HTTP/1.1" 200 94879
[29/Jul/2015 10:51:23]"GET /fumeng/media/2015/07/25/Unknown.jpeg HTTP/1.1" 304 0
[29/Jul/2015 10:51:23]"GET /fumeng/media/2015/07/25/201505151120252137%E5%89%AF%E6%9C%AC_5.jpg HTTP/1.1" 304 0
[29/Jul/2015 10:51:23]"GET /fumeng/media/2015/07/25/201505151120252137.jpg HTTP/1.1" 304 0
[29/Jul/2015 10:51:23]"GET /fumeng/media/2015/07/25/201505151120252137%E5%89%AF%E6%9C%AC_8.jpg HTTP/1.1" 304 0
[29/Jul/2015 10:51:23]"GET /fumeng/media/2015/07/25/201505151120252137%E5%89%AF%E6%9C%AC_7.jpg HTTP/1.1" 304 0
[29/Jul/2015 10:51:23]"GET /fumeng/media/2015/07/25/201505151120252137%E5%89%AF%E6%9C%AC_6.jpg HTTP/1.1" 304 0
[29/Jul/2015 10:51:23]"GET /fumeng/media/2015/07/25/201505151120252137%E5%89%AF%E6%9C%AC_9.jpg HTTP/1.1" 304 0
[29/Jul/2015 10:51:23]"GET /fumeng/media/2015/07/25/201505151120252137%E5%89%AF%E6%9C%AC_14.jpg HTTP/1.1" 304 0
[29/Jul/2015 10:51:23]"GET /static/images/upload/images/1.png HTTP/1.1" 304 0
[29/Jul/2015 10:51:23]"GET /static/images/upload/images/2.png HTTP/1.1" 304 0
[29/Jul/2015 10:51:23]"GET /static/images/upload/images/3.png HTTP/1.1" 304 0
[29/Jul/2015 10:51:23]"GET /static/images/upload/images/4.png HTTP/1.1" 304 0
[29/Jul/2015 10:51:23]"GET /static/images/upload/images/5.png HTTP/1.1" 304 0
[29/Jul/2015 10:51:23]"GET /static/images/upload/201504/15/201504151536499113.jpg HTTP/1.1" 304 0
[29/Jul/2015 10:51:23]"GET /static/images/upload/201504/15/201504151533590675.jpg HTTP/1.1" 304 0
[29/Jul/2015 10:51:23]"GET /static/images/upload/201504/15/201504151532494015.jpg HTTP/1.1" 304 0
[29/Jul/2015 10:51:23]"GET /static/images/fot_ico_f1.png HTTP/1.1" 200 1338
[29/Jul/2015 10:51:23]"GET /static/images/fot_ico_f3.png HTTP/1.1" 200 1503
[29/Jul/2015 10:51:23]"GET /static/images/search_btn.png HTTP/1.1" 200 1328
[29/Jul/2015 10:51:23]"GET /static/images/upload/201504/29/201504291729050897.jpg HTTP/1.1" 304 0
[29/Jul/2015 10:51:23]"GET /static/images/upload/201504/25/201504251439040103.png HTTP/1.1" 304 0
[29/Jul/2015 10:51:23]"GET /static/images/upload/201504/25/201504251438240103.png HTTP/1.1" 304 0
[29/Jul/2015 10:51:23]"GET /static/images/upload/201504/25/201504251439286353.png HTTP/1.1" 304 0
[29/Jul/2015 10:51:23]"GET /static/images/upload/201504/25/201504251441546509.png HTTP/1.1" 304 0
[29/Jul/2015 10:51:23]"GET /static/images/upload/201504/25/201504251425530259.jpg HTTP/1.1" 304 0
[29/Jul/2015 10:51:23]"GET /static/images/upload/201504/25/201504251442551509.png HTTP/1.1" 304 0
[29/Jul/2015 10:51:23]"GET /static/images/upload/201504/25/201504251425364947.jpg HTTP/1.1" 304 0
[29/Jul/2015 10:51:23]"GET /static/images/foot_logo.jpg HTTP/1.1" 200 4309
[29/Jul/2015 10:51:23]"GET /static/images/foot_ico_bg.png HTTP/1.1" 200 1429
[29/Jul/2015 10:51:23]"GET /static/images/tel_img.png HTTP/1.1" 304 0
[29/Jul/2015 10:51:23]"GET /static/images/weixin_img.jpg HTTP/1.1" 304 0
[29/Jul/2015 10:51:23]"GET /fumeng/media/2015/07/28/2_30bOt9Z.jpg HTTP/1.1" 304 0
[29/Jul/2015 10:51:23]"GET /static/images/i_tab_bg.jpg HTTP/1.1" 304 0
[29/Jul/2015 10:51:23]"GET /fumeng/media/2015/07/28/11.jpg HTTP/1.1" 304 0
[29/Jul/2015 10:51:23]"GET /static/images/more_bg.png HTTP/1.1" 304 0
[29/Jul/2015 10:51:23]"GET /static/images/re_bg.png HTTP/1.1" 304 0
[29/Jul/2015 10:51:23]"GET /static/images/upload/images/4-4.png HTTP/1.1" 304 0
[29/Jul/2015 10:51:23]"GET /fumeng/media/2015/07/25/201505151120252137%E5%89%AF%E6%9C%AC_18.jpg HTTP/1.1" 304 0
[29/Jul/2015 10:51:23]"GET /static/images/upload/images/2-2.png HTTP/1.1" 304 0
[29/Jul/2015 10:51:23]"GET /static/images/upload/201504/15/201504151535011300.jpg HTTP/1.1" 304 0
[29/Jul/2015 10:51:23]"GET /skin/images/link_mor.png HTTP/1.1" 404 2458
[29/Jul/2015 10:51:23]"GET /static/images/upload/201504/15/201504151527225938.jpg HTTP/1.1" 304 0
[29/Jul/2015 10:51:23]"GET /static/images/upload/201504/15/201504151526143439.jpg HTTP/1.1" 304 0
[29/Jul/2015 10:51:23]"GET /static/images/dot.png HTTP/1.1" 304 0
[29/Jul/2015 10:51:23]"GET /static/images/language_bg.png HTTP/1.1" 200 1069
[29/Jul/2015 10:51:23]"GET /static/images/upload/201504/25/201504251439161822.png HTTP/1.1" 304 0
[29/Jul/2015 10:51:23]"GET /static/images/next.png HTTP/1.1" 304 0
[29/Jul/2015 10:51:23]"GET /static/images/upload/201504/25/201504251442294947.png HTTP/1.1" 304 0
[29/Jul/2015 10:51:23]"GET /static/images/fot_ico.png HTTP/1.1" 404 1672
[29/Jul/2015 10:51:23]"GET /static/images/upload/201504/25/201504251425444478.jpg HTTP/1.1" 304 0
[29/Jul/2015 10:51:23]"GET /fumeng/media/2015/07/28/1_E5q2fQ8.jpg HTTP/1.1" 304 0
[29/Jul/2015 10:51:23]"GET /static/images/tab_hov_bg.png HTTP/1.1" 304 0
[29/Jul/2015 10:51:23]"GET /static/images/cle_bg.png HTTP/1.1" 304 0
[29/Jul/2015 10:51:23]"GET /static/images/weixin_btn.png HTTP/1.1" 304 0
[29/Jul/2015 10:51:23]"GET /static/images/upload/images/1-1.png HTTP/1.1" 304 0
[29/Jul/2015 10:51:23]"GET /static/images/upload/images/5-5.png HTTP/1.1" 304 0
[29/Jul/2015 10:51:23]"GET /static/images/fot_ico_f2.png HTTP/1.1" 200 1285
[29/Jul/2015 10:51:23]"GET /static/images/upload/201504/25/201504251438470415.png HTTP/1.1" 304 0
[29/Jul/2015 10:51:23]"GET /static/images/prev.png HTTP/1.1" 304 0
[29/Jul/2015 10:51:23]"GET /static/images/tel_btn.png HTTP/1.1" 304 0
[29/Jul/2015 10:51:23]"GET /static/images/upload/201504/25/201504251425160103.jpg HTTP/1.1" 304 0
[29/Jul/2015 10:51:23]"GET /fumeng/media/2015/07/25/201505151120252137%E5%89%AF%E6%9C%AC_11.jpg HTTP/1.1" 304 0
[29/Jul/2015 10:51:23]"GET /fumeng/media/2015/07/28/3_xR9T9qC.jpg HTTP/1.1" 304 0
[29/Jul/2015 10:51:23]"GET /static/images/upload/201504/29/201504291723392147.jpg HTTP/1.1" 304 0
[29/Jul/2015 10:51:23]"GET /static/images/dot_hov.png HTTP/1.1" 304 0
[29/Jul/2015 10:51:23]"GET /static/images/upload/201504/25/201504251425280103.jpg HTTP/1.1" 304 0
[29/Jul/2015 10:51:23]"GET /static/images/side_bg.png HTTP/1.1" 304 0
[29/Jul/2015 10:51:23]"GET /static/images/logo.png HTTP/1.1" 200 2733
[29/Jul/2015 10:51:23]"GET /static/images/goTop.png HTTP/1.1" 304 0
[29/Jul/2015 10:51:23]"GET /static/images/upload/201504/25/201504251441394165.png HTTP/1.1" 304 0
[29/Jul/2015 10:51:23]"GET /static/images/upload/images/3-3.png HTTP/1.1" 304 0
[29/Jul/2015 10:56:57]"GET /fumeng/ HTTP/1.1" 200 35152
[29/Jul/2015 10:56:58]"GET /static/css/sorcl.css HTTP/1.1" 304 0
[29/Jul/2015 10:56:58]"GET /static/css/style.css HTTP/1.1" 200 33024
[29/Jul/2015 10:56:58]"GET /static/js/owl.carousel.min.js HTTP/1.1" 304 0
[29/Jul/2015 10:56:58]"GET /static/js/jPages.js HTTP/1.1" 304 0
[29/Jul/2015 10:56:58]"GET /static/js/jquery-1.7.2.min.js HTTP/1.1" 304 0
[29/Jul/2015 10:56:58]"GET /static/js/script_side.js HTTP/1.1" 304 0
[29/Jul/2015 10:56:58]"GET /static/js/jquery.flexslider-min.js HTTP/1.1" 304 0
[29/Jul/2015 10:56:58]"GET /fumeng/media/2015/07/25/201505151120252137%E5%89%AF%E6%9C%AC_8.jpg HTTP/1.1" 304 0
[29/Jul/2015 10:56:58]"GET /fumeng/media/2015/07/25/201505151120252137%E5%89%AF%E6%9C%AC_7.jpg HTTP/1.1" 304 0
[29/Jul/2015 10:56:58]"GET /fumeng/media/2015/07/25/201505151120252137%E5%89%AF%E6%9C%AC_5.jpg HTTP/1.1" 304 0
[29/Jul/2015 10:56:58]"GET /fumeng/media/2015/07/25/201505151120252137.jpg HTTP/1.1" 304 0
[29/Jul/2015 10:56:58]"GET /fumeng/media/2015/07/25/201505151120252137%E5%89%AF%E6%9C%AC_6.jpg HTTP/1.1" 304 0
[29/Jul/2015 10:56:58]"GET /fumeng/media/2015/07/25/Unknown.jpeg HTTP/1.1" 304 0
[29/Jul/2015 10:56:58]"GET /fumeng/media/2015/07/25/201505151120252137%E5%89%AF%E6%9C%AC_9.jpg HTTP/1.1" 304 0
[29/Jul/2015 10:56:58]"GET /fumeng/media/2015/07/25/201505151120252137%E5%89%AF%E6%9C%AC_14.jpg HTTP/1.1" 304 0
[29/Jul/2015 10:56:58]"GET /static/images/upload/images/1.png HTTP/1.1" 304 0
[29/Jul/2015 10:56:58]"GET /static/images/upload/images/2.png HTTP/1.1" 304 0
[29/Jul/2015 10:56:58]"GET /static/images/upload/images/4.png HTTP/1.1" 304 0
[29/Jul/2015 10:56:58]"GET /static/images/upload/images/3.png HTTP/1.1" 304 0
[29/Jul/2015 10:56:58]"GET /static/images/upload/images/5.png HTTP/1.1" 304 0
[29/Jul/2015 10:56:58]"GET /static/images/upload/201504/15/201504151536499113.jpg HTTP/1.1" 304 0
[29/Jul/2015 10:56:58]"GET /static/images/upload/201504/15/201504151533590675.jpg HTTP/1.1" 304 0
[29/Jul/2015 10:56:58]"GET /static/images/upload/201504/15/201504151526143439.jpg HTTP/1.1" 304 0
[29/Jul/2015 10:56:58]"GET /static/images/upload/201504/15/201504151532494015.jpg HTTP/1.1" 304 0
[29/Jul/2015 10:56:58]"GET /static/images/upload/201504/25/201504251438240103.png HTTP/1.1" 304 0
[29/Jul/2015 10:56:58]"GET /static/images/upload/201504/25/201504251439040103.png HTTP/1.1" 304 0
[29/Jul/2015 10:56:58]"GET /static/images/upload/201504/25/201504251439286353.png HTTP/1.1" 304 0
[29/Jul/2015 10:56:58]"GET /static/images/upload/201504/25/201504251425530259.jpg HTTP/1.1" 304 0
[29/Jul/2015 10:56:58]"GET /static/images/upload/201504/25/201504251441546509.png HTTP/1.1" 304 0
[29/Jul/2015 10:56:58]"GET /static/images/upload/201504/25/201504251425364947.jpg HTTP/1.1" 304 0
[29/Jul/2015 10:56:58]"GET /static/images/upload/201504/25/201504251442551509.png HTTP/1.1" 304 0
[29/Jul/2015 10:56:58]"GET /static/images/fot_ico_f1.png HTTP/1.1" 304 0
[29/Jul/2015 10:56:58]"GET /static/images/tel_img.png HTTP/1.1" 304 0
[29/Jul/2015 10:56:58]"GET /static/images/logo.png HTTP/1.1" 304 0
[29/Jul/2015 10:56:58]"GET /static/images/fot_ico_f3.png HTTP/1.1" 304 0
[29/Jul/2015 10:56:58]"GET /static/images/weixin_img.jpg HTTP/1.1" 304 0
[29/Jul/2015 10:56:58]"GET /fumeng/media/2015/07/28/1_E5q2fQ8.jpg HTTP/1.1" 304 0
[29/Jul/2015 10:56:58]"GET /static/images/language_bg.png HTTP/1.1" 304 0
[29/Jul/2015 10:56:58]"GET /fumeng/media/2015/07/28/3_xR9T9qC.jpg HTTP/1.1" 304 0
[29/Jul/2015 10:56:58]"GET /fumeng/media/2015/07/25/201505151120252137%E5%89%AF%E6%9C%AC_18.jpg HTTP/1.1" 304 0
[29/Jul/2015 10:56:58]"GET /static/images/cle_bg.png HTTP/1.1" 304 0
[29/Jul/2015 10:56:58]"GET /static/images/foot_ico_bg.png HTTP/1.1" 304 0
[29/Jul/2015 10:56:58]"GET /static/images/fot_ico.png HTTP/1.1" 404 1672
[29/Jul/2015 10:56:58]"GET /static/images/tab_hov_bg.png HTTP/1.1" 304 0
[29/Jul/2015 10:56:58]"GET /static/images/upload/images/2-2.png HTTP/1.1" 304 0
[29/Jul/2015 10:56:58]"GET /static/images/dot.png HTTP/1.1" 304 0
[29/Jul/2015 10:56:58]"GET /static/images/next.png HTTP/1.1" 304 0
[29/Jul/2015 10:56:58]"GET /static/images/upload/images/4-4.png HTTP/1.1" 304 0
[29/Jul/2015 10:56:58]"GET /static/images/upload/201504/15/201504151535011300.jpg HTTP/1.1" 304 0
[29/Jul/2015 10:56:58]"GET /static/images/upload/201504/15/201504151527225938.jpg HTTP/1.1" 304 0
[29/Jul/2015 10:56:58]"GET /static/images/upload/201504/25/201504251438470415.png HTTP/1.1" 304 0
[29/Jul/2015 10:56:58]"GET /static/images/upload/201504/25/201504251441394165.png HTTP/1.1" 304 0
[29/Jul/2015 10:56:58]"GET /static/images/upload/201504/25/201504251425160103.jpg HTTP/1.1" 304 0
[29/Jul/2015 10:56:58]"GET /static/images/upload/201504/25/201504251425280103.jpg HTTP/1.1" 304 0
[29/Jul/2015 10:56:58]"GET /static/images/tel_btn.png HTTP/1.1" 304 0
[29/Jul/2015 10:56:58]"GET /static/images/goTop.png HTTP/1.1" 304 0
[29/Jul/2015 10:56:58]"GET /fumeng/media/2015/07/28/11.jpg HTTP/1.1" 304 0
[29/Jul/2015 10:56:58]"GET /static/images/i_tab_bg.jpg HTTP/1.1" 304 0
[29/Jul/2015 10:56:58]"GET /static/images/prev.png HTTP/1.1" 304 0
[29/Jul/2015 10:56:58]"GET /fumeng/media/2015/07/25/201505151120252137%E5%89%AF%E6%9C%AC_11.jpg HTTP/1.1" 304 0
[29/Jul/2015 10:56:58]"GET /static/images/upload/images/3-3.png HTTP/1.1" 304 0
[29/Jul/2015 10:56:58]"GET /static/images/foot_logo.jpg HTTP/1.1" 304 0
[29/Jul/2015 10:56:58]"GET /static/images/upload/201504/29/201504291723392147.jpg HTTP/1.1" 304 0
[29/Jul/2015 10:56:58]"GET /static/images/upload/201504/25/201504251425444478.jpg HTTP/1.1" 304 0
[29/Jul/2015 10:56:58]"GET /static/images/upload/201504/25/201504251439161822.png HTTP/1.1" 304 0
[29/Jul/2015 10:56:58]"GET /static/images/weixin_btn.png HTTP/1.1" 304 0
[29/Jul/2015 10:56:58]"GET /fumeng/media/2015/07/28/2_30bOt9Z.jpg HTTP/1.1" 304 0
[29/Jul/2015 10:56:58]"GET /skin/images/link_mor.png HTTP/1.1" 404 2458
[29/Jul/2015 10:56:58]"GET /static/images/dot_hov.png HTTP/1.1" 304 0
[29/Jul/2015 10:56:58]"GET /static/images/upload/201504/29/201504291729050897.jpg HTTP/1.1" 304 0
[29/Jul/2015 10:56:58]"GET /static/images/fot_ico_f2.png HTTP/1.1" 304 0
[29/Jul/2015 10:56:58]"GET /static/images/upload/images/5-5.png HTTP/1.1" 304 0
[29/Jul/2015 10:56:58]"GET /static/images/re_bg.png HTTP/1.1" 304 0
[29/Jul/2015 10:56:58]"GET /static/images/search_btn.png HTTP/1.1" 304 0
[29/Jul/2015 10:56:58]"GET /static/images/upload/201504/25/201504251442294947.png HTTP/1.1" 304 0
[29/Jul/2015 10:56:58]"GET /static/images/upload/images/1-1.png HTTP/1.1" 304 0
